{"C:\\Users\\mokga\\jobat-lite-backend\\utils\\resumeProcessor.js": {"path":"C:\\Users\\mokga\\jobat-lite-backend\\utils\\resumeProcessor.js","statementMap":{"0":{"start":{"line":8,"column":0},"end":{"line":15,"column":2}},"1":{"start":{"line":9,"column":2},"end":{"line":14,"column":4}},"2":{"start":{"line":22,"column":0},"end":{"line":24,"column":2}},"3":{"start":{"line":23,"column":2},"end":{"line":23,"column":29}},"4":{"start":{"line":31,"column":0},"end":{"line":38,"column":2}},"5":{"start":{"line":32,"column":2},"end":{"line":37,"column":4}}},"fnMap":{"0":{"name":"(anonymous_0)","decl":{"start":{"line":8,"column":22},"end":{"line":8,"column":23}},"loc":{"start":{"line":8,"column":34},"end":{"line":15,"column":1}},"line":8},"1":{"name":"(anonymous_1)","decl":{"start":{"line":22,"column":24},"end":{"line":22,"column":25}},"loc":{"start":{"line":22,"column":36},"end":{"line":24,"column":1}},"line":22},"2":{"name":"(anonymous_2)","decl":{"start":{"line":31,"column":26},"end":{"line":31,"column":27}},"loc":{"start":{"line":31,"column":38},"end":{"line":38,"column":1}},"line":31}},"branchMap":{"0":{"loc":{"start":{"line":12,"column":12},"end":{"line":12,"column":31}},"type":"binary-expr","locations":[{"start":{"line":12,"column":12},"end":{"line":12,"column":25}},{"start":{"line":12,"column":29},"end":{"line":12,"column":31}}],"line":12},"1":{"loc":{"start":{"line":13,"column":16},"end":{"line":13,"column":39}},"type":"binary-expr","locations":[{"start":{"line":13,"column":16},"end":{"line":13,"column":33}},{"start":{"line":13,"column":37},"end":{"line":13,"column":39}}],"line":13},"2":{"loc":{"start":{"line":23,"column":9},"end":{"line":23,"column":28}},"type":"binary-expr","locations":[{"start":{"line":23,"column":9},"end":{"line":23,"column":22}},{"start":{"line":23,"column":26},"end":{"line":23,"column":28}}],"line":23},"3":{"loc":{"start":{"line":33,"column":10},"end":{"line":33,"column":27}},"type":"binary-expr","locations":[{"start":{"line":33,"column":10},"end":{"line":33,"column":21}},{"start":{"line":33,"column":25},"end":{"line":33,"column":27}}],"line":33},"4":{"loc":{"start":{"line":34,"column":11},"end":{"line":34,"column":29}},"type":"binary-expr","locations":[{"start":{"line":34,"column":11},"end":{"line":34,"column":23}},{"start":{"line":34,"column":27},"end":{"line":34,"column":29}}],"line":34},"5":{"loc":{"start":{"line":35,"column":16},"end":{"line":35,"column":39}},"type":"binary-expr","locations":[{"start":{"line":35,"column":16},"end":{"line":35,"column":33}},{"start":{"line":35,"column":37},"end":{"line":35,"column":39}}],"line":35},"6":{"loc":{"start":{"line":36,"column":12},"end":{"line":36,"column":31}},"type":"binary-expr","locations":[{"start":{"line":36,"column":12},"end":{"line":36,"column":25}},{"start":{"line":36,"column":29},"end":{"line":36,"column":31}}],"line":36}},"s":{"0":1,"1":1,"2":1,"3":1,"4":1,"5":1},"f":{"0":1,"1":1,"2":1},"b":{"0":[1,0],"1":[1,0],"2":[1,0],"3":[1,0],"4":[1,0],"5":[1,0],"6":[1,0]},"_coverageSchema":"1a1c01bbd47fc00a2c39e90264f33305004495a9","hash":"bdf4ef2113af322e1a60dd6b4795b7bc4ef8bcdc"}
}
